Using pre-set license
Built from '2020.3/support/zd130524' branch; Version is '2020.3.36f1 (71f96b79b9f0) revision 7469419'; Using compiler version '192528614'; Build Type 'Release'
OS: 'Windows 10  (10.0.19045) 64bit Professional' Language: 'ko' Physical Memory: 15721 MB
BatchMode: 1, IsHumanControllingUs: 0, StartBugReporterOnCrash: 0, Is64bit: 1, IsPro: 0

COMMAND LINE ARGUMENTS:
C:\Program Files\Unity\Hub\Editor\2020.3.36f1\Editor\Unity.exe
-adb2
-batchMode
-noUpm
-name
AssetImportWorker0
-projectPath
D:/Project_BPM/BPM_project/BPM
-logFile
Logs/AssetImportWorker0.log
-srvPort
65443
Successfully changed project path to: D:/Project_BPM/BPM_project/BPM
D:/Project_BPM/BPM_project/BPM
Using Asset Import Pipeline V2.
Refreshing native plugins compatible for Editor in 97.11 ms, found 3 plugins.
Preloading 0 native plugins for Editor in 0.00 ms.
Initialize engine version: 2020.3.36f1 (71f96b79b9f0)
[Subsystems] Discovering subsystems at path C:/Program Files/Unity/Hub/Editor/2020.3.36f1/Editor/Data/Resources/UnitySubsystems
[Subsystems] Discovering subsystems at path D:/Project_BPM/BPM_project/BPM/Assets
GfxDevice: creating device client; threaded=0
Direct3D:
    Version:  Direct3D 11.0 [level 11.1]
    Renderer: AMD Radeon(TM) Graphics (ID=0x1638)
    Vendor:   
    VRAM:     7860 MB
    Driver:   31.0.12002.92
Initialize mono
Mono path[0] = 'C:/Program Files/Unity/Hub/Editor/2020.3.36f1/Editor/Data/Managed'
Mono path[1] = 'C:/Program Files/Unity/Hub/Editor/2020.3.36f1/Editor/Data/MonoBleedingEdge/lib/mono/unityjit'
Mono config path = 'C:/Program Files/Unity/Hub/Editor/2020.3.36f1/Editor/Data/MonoBleedingEdge/etc'
Using monoOptions --debugger-agent=transport=dt_socket,embedding=1,server=y,suspend=n,address=127.0.0.1:56468
Begin MonoManager ReloadAssembly
Registering precompiled unity dll's ...
Register platform support module: C:/Program Files/Unity/Hub/Editor/2020.3.36f1/Editor/Data/PlaybackEngines/WindowsStandaloneSupport/UnityEditor.WindowsStandalone.Extensions.dll
Registered in 0.001430 seconds.
Native extension for WindowsStandalone target not found
Refreshing native plugins compatible for Editor in 93.90 ms, found 3 plugins.
Preloading 0 native plugins for Editor in 0.00 ms.
Mono: successfully reloaded assembly
- Completed reload, in  0.485 seconds
Domain Reload Profiling:
	ReloadAssembly (485ms)
		BeginReloadAssembly (49ms)
			ExecutionOrderSort (0ms)
			DisableScriptedObjects (0ms)
			BackupInstance (0ms)
			ReleaseScriptingObjects (0ms)
			CreateAndSetChildDomain (1ms)
		EndReloadAssembly (385ms)
			LoadAssemblies (47ms)
			RebuildTransferFunctionScriptingTraits (0ms)
			SetupTypeCache (93ms)
			ReleaseScriptCaches (0ms)
			RebuildScriptCaches (23ms)
			SetupLoadedEditorAssemblies (191ms)
				LogAssemblyErrors (0ms)
				InitializePlatformSupportModulesInManaged (4ms)
				SetLoadedEditorAssemblies (0ms)
				RefreshPlugins (94ms)
				BeforeProcessingInitializeOnLoad (13ms)
				ProcessInitializeOnLoadAttributes (60ms)
				ProcessInitializeOnLoadMethodAttributes (20ms)
				AfterProcessingInitializeOnLoad (0ms)
				EditorAssembliesLoaded (0ms)
			ExecutionOrderSort2 (0ms)
			AwakeInstancesAfterBackupRestoration (0ms)
Platform modules already initialized, skipping
Registering precompiled user dll's ...
Registered in 0.021167 seconds.
Begin MonoManager ReloadAssembly
Native extension for WindowsStandalone target not found
Refreshing native plugins compatible for Editor in 92.85 ms, found 3 plugins.
Preloading 0 native plugins for Editor in 0.00 ms.
Mono: successfully reloaded assembly
- Completed reload, in  1.074 seconds
Domain Reload Profiling:
	ReloadAssembly (1076ms)
		BeginReloadAssembly (108ms)
			ExecutionOrderSort (0ms)
			DisableScriptedObjects (4ms)
			BackupInstance (0ms)
			ReleaseScriptingObjects (0ms)
			CreateAndSetChildDomain (17ms)
		EndReloadAssembly (923ms)
			LoadAssemblies (91ms)
			RebuildTransferFunctionScriptingTraits (0ms)
			SetupTypeCache (265ms)
			ReleaseScriptCaches (1ms)
			RebuildScriptCaches (78ms)
			SetupLoadedEditorAssemblies (405ms)
				LogAssemblyErrors (0ms)
				InitializePlatformSupportModulesInManaged (3ms)
				SetLoadedEditorAssemblies (0ms)
				RefreshPlugins (93ms)
				BeforeProcessingInitializeOnLoad (106ms)
				ProcessInitializeOnLoadAttributes (182ms)
				ProcessInitializeOnLoadMethodAttributes (16ms)
				AfterProcessingInitializeOnLoad (5ms)
				EditorAssembliesLoaded (0ms)
			ExecutionOrderSort2 (0ms)
			AwakeInstancesAfterBackupRestoration (2ms)
Platform modules already initialized, skipping
========================================================================
Worker process is ready to serve import requests
Launched and connected shader compiler UnityShaderCompiler.exe after 0.03 seconds
Refreshing native plugins compatible for Editor in 1.00 ms, found 3 plugins.
Preloading 0 native plugins for Editor in 0.00 ms.
Unloading 5176 Unused Serialized files (Serialized files now loaded: 0)
System memory in use before: 295.1 MB.
System memory in use after: 293.3 MB.

Unloading 62 unused Assets to reduce memory usage. Loaded Objects now: 5608.
Total: 4.035800 ms (FindLiveObjects: 0.399500 ms CreateObjectMapping: 0.148000 ms MarkObjects: 2.555100 ms  DeleteObjects: 0.932300 ms)

AssetImportParameters requested are different than current active one (requested -> active):
  custom:framework-win-MediaFoundation: 216162199b28c13a410421893ffa2e32 -> 
  custom:video-decoder-ogg-theora: a1e56fd34408186e4bbccfd4996cb3dc -> 
  custom:container-muxer-webm: aa71ff27fc2769a1b78a27578f13a17b -> 
  custom:container-demuxer-webm: 4f35f7cbe854078d1ac9338744f61a02 -> 
  custom:container-demuxer-ogg: 62fdf1f143b41e24485cea50d1cbac27 -> 
  custom:video-encoder-webm-vp8: eb34c28f22e8b96e1ab97ce403110664 -> 
  custom:video-decoder-webm-vp8: 9c59270c3fd7afecdb556c50c9e8de78 -> 
  custom:audio-decoder-ogg-vorbis: bf7c407c2cedff20999df2af8eb42d56 -> 
  custom:audio-encoder-webm-vorbis: bf7c407c2cedff20999df2af8eb42d56 -> 
========================================================================
Received Import Request.
  path: Assets/1.Scene/BossRoom.unity
  artifactKey: Guid(7653ca9ffdc434845bbfbf2611bebd7e) Importer(815301076,1909f56bfc062723c751e8b465ee728b)
Start importing Assets/1.Scene/BossRoom.unity using Guid(7653ca9ffdc434845bbfbf2611bebd7e) Importer(815301076,1909f56bfc062723c751e8b465ee728b)  -> (artifact id: '7b418caed0d8f9a2ee3602bfb1d9cbd2') in 0.059634 seconds 
========================================================================
Received Import Request.
  Time since last request: 759.594617 seconds.
  path: Assets/9. Polygons/Items/Retro Style Wooden Box/Wooden_Box_Textures/Base/Box_Albedo.tif
  artifactKey: Guid(bed5b111d70162d4fad8e0f3b15c1513) Importer(815301076,1909f56bfc062723c751e8b465ee728b)
Start importing Assets/9. Polygons/Items/Retro Style Wooden Box/Wooden_Box_Textures/Base/Box_Albedo.tif using Guid(bed5b111d70162d4fad8e0f3b15c1513) Importer(815301076,1909f56bfc062723c751e8b465ee728b)  -> (artifact id: 'f80bc15b9a4a7ee41693f41c7a1267d7') in 0.202331 seconds 
========================================================================
Received Import Request.
  Time since last request: 12.079427 seconds.
  path: Assets/9. Polygons/Items/Retro Style Wooden Box/Wooden_Box_Textures/Base/Box_Metallic_AO.tif
  artifactKey: Guid(225d06806711d134b832110448fef1c0) Importer(815301076,1909f56bfc062723c751e8b465ee728b)
Start importing Assets/9. Polygons/Items/Retro Style Wooden Box/Wooden_Box_Textures/Base/Box_Metallic_AO.tif using Guid(225d06806711d134b832110448fef1c0) Importer(815301076,1909f56bfc062723c751e8b465ee728b)  -> (artifact id: '9d423b0b017ff7c032dc6175ecc03a51') in 0.243508 seconds 
========================================================================
Received Import Request.
  Time since last request: 16.360301 seconds.
  path: Assets/9. Polygons/Items/Retro Style Wooden Box/Wooden_Box_Textures/Base/Wooden_Box_Albedo.tif
  artifactKey: Guid(4c3d1c9d2182b424fbe4f240cc3efe99) Importer(815301076,1909f56bfc062723c751e8b465ee728b)
Start importing Assets/9. Polygons/Items/Retro Style Wooden Box/Wooden_Box_Textures/Base/Wooden_Box_Albedo.tif using Guid(4c3d1c9d2182b424fbe4f240cc3efe99) Importer(815301076,1909f56bfc062723c751e8b465ee728b)  -> (artifact id: '65bf65def734c7673155ad8afb3f5ce3') in 0.231080 seconds 
========================================================================
Received Import Request.
  Time since last request: 15.439026 seconds.
  path: Assets/9. Polygons/Items/Retro Style Wooden Box/Wooden_Box_Textures/Base/Wooden_Box_AO.tif
  artifactKey: Guid(b9c5bdf1ecfdf4c45bbc114e060b4223) Importer(815301076,1909f56bfc062723c751e8b465ee728b)
Start importing Assets/9. Polygons/Items/Retro Style Wooden Box/Wooden_Box_Textures/Base/Wooden_Box_AO.tif using Guid(b9c5bdf1ecfdf4c45bbc114e060b4223) Importer(815301076,1909f56bfc062723c751e8b465ee728b)  -> (artifact id: 'a94674645a42538734d9c7b640affaca') in 0.261715 seconds 
========================================================================
Received Import Request.
  Time since last request: 11.583149 seconds.
  path: Assets/9. Polygons/Items/Retro Style Wooden Box/Wooden_Box_Textures/Base/Wooden_Box_Metallic.tif
  artifactKey: Guid(0a572f027610f5f4c98ac9d02870ae02) Importer(815301076,1909f56bfc062723c751e8b465ee728b)
Start importing Assets/9. Polygons/Items/Retro Style Wooden Box/Wooden_Box_Textures/Base/Wooden_Box_Metallic.tif using Guid(0a572f027610f5f4c98ac9d02870ae02) Importer(815301076,1909f56bfc062723c751e8b465ee728b)  -> (artifact id: 'cd15107114800b49d86ea27b19338ab7') in 0.205982 seconds 
========================================================================
Received Import Request.
  Time since last request: 16.867228 seconds.
  path: Assets/9. Polygons/Items/Retro Style Wooden Box/Wooden_Box_Textures/Base/Wooden_Box_Normal.tif
  artifactKey: Guid(2f2e2783fd37f204685182c3639a6eb4) Importer(815301076,1909f56bfc062723c751e8b465ee728b)
Start importing Assets/9. Polygons/Items/Retro Style Wooden Box/Wooden_Box_Textures/Base/Wooden_Box_Normal.tif using Guid(2f2e2783fd37f204685182c3639a6eb4) Importer(815301076,1909f56bfc062723c751e8b465ee728b)  -> (artifact id: '60671abf891d8834bc65fe5d5aa4d252') in 0.266740 seconds 
========================================================================
Received Import Request.
  Time since last request: 73.625995 seconds.
  path: Assets/9. Polygons/Items/Retro Style Wooden Box/Wooden_Box_Textures/Dirt/Wooden_Box_Albedo_Dirt.tif
  artifactKey: Guid(f4c9cc22cb15626468c312823d97d93c) Importer(815301076,1909f56bfc062723c751e8b465ee728b)
Start importing Assets/9. Polygons/Items/Retro Style Wooden Box/Wooden_Box_Textures/Dirt/Wooden_Box_Albedo_Dirt.tif using Guid(f4c9cc22cb15626468c312823d97d93c) Importer(815301076,1909f56bfc062723c751e8b465ee728b)  -> (artifact id: '60b15b30473fe0f32ce4bbeced7d155d') in 0.195835 seconds 
========================================================================
Received Import Request.
  Time since last request: 18.836372 seconds.
  path: Assets/9. Polygons/Items/Retro Style Wooden Box/Wooden_Box_Textures/Dirt/Box_Albedo_Dirt.tif
  artifactKey: Guid(6850008ed4a85cc419f6e4cb3eb67c37) Importer(815301076,1909f56bfc062723c751e8b465ee728b)
Start importing Assets/9. Polygons/Items/Retro Style Wooden Box/Wooden_Box_Textures/Dirt/Box_Albedo_Dirt.tif using Guid(6850008ed4a85cc419f6e4cb3eb67c37) Importer(815301076,1909f56bfc062723c751e8b465ee728b)  -> (artifact id: 'b59f2ff22ba7808e7ed756a2165a4241') in 0.517082 seconds 
========================================================================
Received Prepare
Registering precompiled user dll's ...
Registered in 0.005324 seconds.
Begin MonoManager ReloadAssembly
Native extension for WindowsStandalone target not found
Refreshing native plugins compatible for Editor in 1.02 ms, found 3 plugins.
Preloading 0 native plugins for Editor in 0.00 ms.
Mono: successfully reloaded assembly
- Completed reload, in  0.920 seconds
Domain Reload Profiling:
	ReloadAssembly (921ms)
		BeginReloadAssembly (102ms)
			ExecutionOrderSort (0ms)
			DisableScriptedObjects (5ms)
			BackupInstance (0ms)
			ReleaseScriptingObjects (0ms)
			CreateAndSetChildDomain (37ms)
		EndReloadAssembly (776ms)
			LoadAssemblies (83ms)
			RebuildTransferFunctionScriptingTraits (0ms)
			SetupTypeCache (261ms)
			ReleaseScriptCaches (2ms)
			RebuildScriptCaches (62ms)
			SetupLoadedEditorAssemblies (274ms)
				LogAssemblyErrors (0ms)
				InitializePlatformSupportModulesInManaged (3ms)
				SetLoadedEditorAssemblies (1ms)
				RefreshPlugins (1ms)
				BeforeProcessingInitializeOnLoad (96ms)
				ProcessInitializeOnLoadAttributes (156ms)
				ProcessInitializeOnLoadMethodAttributes (12ms)
				AfterProcessingInitializeOnLoad (4ms)
				EditorAssembliesLoaded (0ms)
			ExecutionOrderSort2 (0ms)
			AwakeInstancesAfterBackupRestoration (4ms)
Platform modules already initialized, skipping
Refreshing native plugins compatible for Editor in 1.02 ms, found 3 plugins.
Preloading 0 native plugins for Editor in 0.00 ms.
Unloading 5050 Unused Serialized files (Serialized files now loaded: 0)
System memory in use before: 289.7 MB.
System memory in use after: 287.9 MB.

Unloading 54 unused Assets to reduce memory usage. Loaded Objects now: 5616.
Total: 3.887800 ms (FindLiveObjects: 0.380100 ms CreateObjectMapping: 0.146100 ms MarkObjects: 2.474500 ms  DeleteObjects: 0.886400 ms)

AssetImportParameters requested are different than current active one (requested -> active):
  custom:framework-win-MediaFoundation: 216162199b28c13a410421893ffa2e32 -> 
  custom:video-decoder-ogg-theora: a1e56fd34408186e4bbccfd4996cb3dc -> 
  custom:container-muxer-webm: aa71ff27fc2769a1b78a27578f13a17b -> 
  custom:container-demuxer-webm: 4f35f7cbe854078d1ac9338744f61a02 -> 
  custom:container-demuxer-ogg: 62fdf1f143b41e24485cea50d1cbac27 -> 
  custom:video-encoder-webm-vp8: eb34c28f22e8b96e1ab97ce403110664 -> 
  custom:video-decoder-webm-vp8: 9c59270c3fd7afecdb556c50c9e8de78 -> 
  custom:audio-decoder-ogg-vorbis: bf7c407c2cedff20999df2af8eb42d56 -> 
  custom:audio-encoder-webm-vorbis: bf7c407c2cedff20999df2af8eb42d56 -> 
========================================================================
Received Import Request.
  Time since last request: 110.720119 seconds.
  path: Assets/9. Polygons/Items/RPG Pack/Materials
  artifactKey: Guid(787515ccff1baef4db732551574590ea) Importer(815301076,1909f56bfc062723c751e8b465ee728b)
Start importing Assets/9. Polygons/Items/RPG Pack/Materials using Guid(787515ccff1baef4db732551574590ea) Importer(815301076,1909f56bfc062723c751e8b465ee728b)  -> (artifact id: 'c7c370f6855166e53294eb5f2506153a') in 0.494620 seconds 
========================================================================
Received Import Request.
  Time since last request: 0.000199 seconds.
  path: Assets/9. Polygons/Items/RPG Pack/Models
  artifactKey: Guid(c68ca6f52e8c95e42a0038f569350940) Importer(815301076,1909f56bfc062723c751e8b465ee728b)
Start importing Assets/9. Polygons/Items/RPG Pack/Models using Guid(c68ca6f52e8c95e42a0038f569350940) Importer(815301076,1909f56bfc062723c751e8b465ee728b)  -> (artifact id: 'd3cd86955521fe3dc82d12097e1e51b3') in 0.708968 seconds 
========================================================================
Received Import Request.
  Time since last request: 13.676449 seconds.
  path: Assets/9. Polygons/Items/RPG Pack/Textures/Bottle_blue_diff.png
  artifactKey: Guid(6f8c6a1b959adeb42bf8f42c22d4cf40) Importer(815301076,1909f56bfc062723c751e8b465ee728b)
Start importing Assets/9. Polygons/Items/RPG Pack/Textures/Bottle_blue_diff.png using Guid(6f8c6a1b959adeb42bf8f42c22d4cf40) Importer(815301076,1909f56bfc062723c751e8b465ee728b)  -> (artifact id: '81825ce18e8afd224d16c4090644f6da') in 0.309958 seconds 
========================================================================
Received Import Request.
  Time since last request: 5.114297 seconds.
  path: Assets/9. Polygons/Items/RPG Pack/Textures/Bottle_green_diff.png
  artifactKey: Guid(11ff914debcea7740925ff23943318d9) Importer(815301076,1909f56bfc062723c751e8b465ee728b)
Start importing Assets/9. Polygons/Items/RPG Pack/Textures/Bottle_green_diff.png using Guid(11ff914debcea7740925ff23943318d9) Importer(815301076,1909f56bfc062723c751e8b465ee728b)  -> (artifact id: 'a1f506886b6129f2ca46ce4f7860fa1f') in 0.928395 seconds 
========================================================================
Received Import Request.
  Time since last request: 5.984595 seconds.
  path: Assets/9. Polygons/Items/RPG Pack/Textures/Bottle_red_diff.png
  artifactKey: Guid(38daf72cb2e0ac0408f28c0cd87a00cf) Importer(815301076,1909f56bfc062723c751e8b465ee728b)
Start importing Assets/9. Polygons/Items/RPG Pack/Textures/Bottle_red_diff.png using Guid(38daf72cb2e0ac0408f28c0cd87a00cf) Importer(815301076,1909f56bfc062723c751e8b465ee728b)  -> (artifact id: '6337cb17c41f5fa1dd7bf1207934918c') in 1.409349 seconds 
========================================================================
Received Import Request.
  Time since last request: 4.369886 seconds.
  path: Assets/9. Polygons/Items/RPG Pack/Textures/Bottles_normal.png
  artifactKey: Guid(c8e2cfcbf9c39d847a864ff5716625a2) Importer(815301076,1909f56bfc062723c751e8b465ee728b)
Start importing Assets/9. Polygons/Items/RPG Pack/Textures/Bottles_normal.png using Guid(c8e2cfcbf9c39d847a864ff5716625a2) Importer(815301076,1909f56bfc062723c751e8b465ee728b)  -> (artifact id: '6d3b3274c776a1f604371151f6c64905') in 1.467948 seconds 
========================================================================
Received Import Request.
  Time since last request: 5.977214 seconds.
  path: Assets/9. Polygons/Items/RPG Pack/Textures/Bottles_spec.png
  artifactKey: Guid(a4fc04af690224847af00347b5ed9d23) Importer(815301076,1909f56bfc062723c751e8b465ee728b)
Start importing Assets/9. Polygons/Items/RPG Pack/Textures/Bottles_spec.png using Guid(a4fc04af690224847af00347b5ed9d23) Importer(815301076,1909f56bfc062723c751e8b465ee728b)  -> (artifact id: '128882b6363b1312ec9d44b49977890e') in 0.475896 seconds 
========================================================================
Received Import Request.
  Time since last request: 7.674417 seconds.
  path: Assets/9. Polygons/Items/RPG Pack/Textures/Coin_diffuse.png
  artifactKey: Guid(6ab5a3ea27f130647b54ca5ee121436c) Importer(815301076,1909f56bfc062723c751e8b465ee728b)
Start importing Assets/9. Polygons/Items/RPG Pack/Textures/Coin_diffuse.png using Guid(6ab5a3ea27f130647b54ca5ee121436c) Importer(815301076,1909f56bfc062723c751e8b465ee728b)  -> (artifact id: '51e621f500fc6d0034cd5ddc599d3e24') in 0.143657 seconds 
========================================================================
Received Import Request.
  Time since last request: 8.502940 seconds.
  path: Assets/9. Polygons/Items/RPG Pack/Textures/Coin_normals.png
  artifactKey: Guid(e7c7ff0ad5317aa49aec0dd4869d621c) Importer(815301076,1909f56bfc062723c751e8b465ee728b)
Start importing Assets/9. Polygons/Items/RPG Pack/Textures/Coin_normals.png using Guid(e7c7ff0ad5317aa49aec0dd4869d621c) Importer(815301076,1909f56bfc062723c751e8b465ee728b)  -> (artifact id: '953ddc73887398bfb1665a586b0fb3ef') in 0.863012 seconds 
========================================================================
Received Import Request.
  Time since last request: 3.908804 seconds.
  path: Assets/9. Polygons/Items/RPG Pack/Textures/Dust_particles.tif
  artifactKey: Guid(2ad70170f6ff89d468e5694143176d6b) Importer(815301076,1909f56bfc062723c751e8b465ee728b)
Start importing Assets/9. Polygons/Items/RPG Pack/Textures/Dust_particles.tif using Guid(2ad70170f6ff89d468e5694143176d6b) Importer(815301076,1909f56bfc062723c751e8b465ee728b)  -> (artifact id: 'bd476fde68d2d7e15fca37357b2a6ec1') in 1.203777 seconds 
========================================================================
Received Import Request.
  Time since last request: 3.062919 seconds.
  path: Assets/9. Polygons/Items/RPG Pack/Textures/sprite_radiance.tif
  artifactKey: Guid(ef5ae37d99296fc4d8dd2bc52828f008) Importer(815301076,1909f56bfc062723c751e8b465ee728b)
Start importing Assets/9. Polygons/Items/RPG Pack/Textures/sprite_radiance.tif using Guid(ef5ae37d99296fc4d8dd2bc52828f008) Importer(815301076,1909f56bfc062723c751e8b465ee728b)  -> (artifact id: '13b125fbdb38d78ab263465a2580eed6') in 1.259701 seconds 
========================================================================
Received Import Request.
  Time since last request: 4.188433 seconds.
  path: Assets/9. Polygons/Items/RPG Pack/Textures/star.png
  artifactKey: Guid(825ca8510f66cbf4cbef2df54bedb8a9) Importer(815301076,1909f56bfc062723c751e8b465ee728b)
Start importing Assets/9. Polygons/Items/RPG Pack/Textures/star.png using Guid(825ca8510f66cbf4cbef2df54bedb8a9) Importer(815301076,1909f56bfc062723c751e8b465ee728b)  -> (artifact id: 'fd3f888078efb0081ea22747ce2b5dd1') in 0.043856 seconds 
========================================================================
Received Import Request.
  Time since last request: 0.426753 seconds.
  path: Assets/9. Polygons/Items/RPG Pack/DemoScene.unity
  artifactKey: Guid(b672e85a7d0caec4e9d4eb2ab05509fb) Importer(815301076,1909f56bfc062723c751e8b465ee728b)
Start importing Assets/9. Polygons/Items/RPG Pack/DemoScene.unity using Guid(b672e85a7d0caec4e9d4eb2ab05509fb) Importer(815301076,1909f56bfc062723c751e8b465ee728b)  -> (artifact id: '08e92d12a77ebd32108a3311889caf85') in 0.455326 seconds 
========================================================================
Received Import Request.
  Time since last request: 36.606042 seconds.
  path: Assets/9. Polygons/Items/Stylized Crystal/Texture/crystal_17_2.png
  artifactKey: Guid(6f719c3bb48788e439c27891aa28f61f) Importer(815301076,1909f56bfc062723c751e8b465ee728b)
Start importing Assets/9. Polygons/Items/Stylized Crystal/Texture/crystal_17_2.png using Guid(6f719c3bb48788e439c27891aa28f61f) Importer(815301076,1909f56bfc062723c751e8b465ee728b)  -> (artifact id: 'd14a9b96bd824e927860137ba6dca9b8') in 0.594053 seconds 
========================================================================
Received Import Request.
  Time since last request: 0.000153 seconds.
  path: Assets/9. Polygons/Items/Stylized Crystal/scene.unity
  artifactKey: Guid(585574a3663ec1742849bdca43b05f41) Importer(815301076,1909f56bfc062723c751e8b465ee728b)
Start importing Assets/9. Polygons/Items/Stylized Crystal/scene.unity using Guid(585574a3663ec1742849bdca43b05f41) Importer(815301076,1909f56bfc062723c751e8b465ee728b)  -> (artifact id: '874d4c8feeae48b17496945dd8b25d19') in 0.336193 seconds 
========================================================================
Received Import Request.
  Time since last request: 48.371520 seconds.
  path: Assets/9. Polygons/Statue/Bowl/Textures/Bowl_diff.TGA
  artifactKey: Guid(19e0835835ad8d64fbe33af7cd7ab371) Importer(815301076,1909f56bfc062723c751e8b465ee728b)
Start importing Assets/9. Polygons/Statue/Bowl/Textures/Bowl_diff.TGA using Guid(19e0835835ad8d64fbe33af7cd7ab371) Importer(815301076,1909f56bfc062723c751e8b465ee728b)  -> (artifact id: '6eea82075808b51c6f263502c1ef7810') in 0.253790 seconds 
========================================================================
Received Import Request.
  Time since last request: 14.885756 seconds.
  path: Assets/9. Polygons/Statue/Bowl/Textures/Bowl_nrm.TGA
  artifactKey: Guid(0373a381e8954ac42ab0f949b81a949f) Importer(815301076,1909f56bfc062723c751e8b465ee728b)
Start importing Assets/9. Polygons/Statue/Bowl/Textures/Bowl_nrm.TGA using Guid(0373a381e8954ac42ab0f949b81a949f) Importer(815301076,1909f56bfc062723c751e8b465ee728b)  -> (artifact id: 'ae286e30753abc961f2953dc8a3aaf66') in 0.245958 seconds 
========================================================================
Received Import Request.
  Time since last request: 8.689559 seconds.
  path: Assets/9. Polygons/Statue/Bowl/Textures/Bowl_spc.TGA
  artifactKey: Guid(d5abdd6ad9d018d4f8c2e36c3e5196cc) Importer(815301076,1909f56bfc062723c751e8b465ee728b)
Start importing Assets/9. Polygons/Statue/Bowl/Textures/Bowl_spc.TGA using Guid(d5abdd6ad9d018d4f8c2e36c3e5196cc) Importer(815301076,1909f56bfc062723c751e8b465ee728b)  -> (artifact id: '04e80b76c83343f5619e3144f1de39f3') in 0.504697 seconds 
========================================================================
Received Import Request.
  Time since last request: 133.237461 seconds.
  path: Assets/8.Audio/BGM/01 - Sam Houghton and Joe Collinson - Judgement.mp3
  artifactKey: Guid(cee8b37c5f1eea8438b43ea0b4637e97) Importer(815301076,1909f56bfc062723c751e8b465ee728b)
Start importing Assets/8.Audio/BGM/01 - Sam Houghton and Joe Collinson - Judgement.mp3 using Guid(cee8b37c5f1eea8438b43ea0b4637e97) Importer(815301076,1909f56bfc062723c751e8b465ee728b)  -> (artifact id: '9fa32346a17b1e71e236d65266192069') in 0.094654 seconds 
========================================================================
Received Import Request.
  Time since last request: 32.228652 seconds.
  path: Assets/8.Audio/BGM/08 - Sam Houghton and Joe Collinson - Into Asgard.mp3
  artifactKey: Guid(98c67815629df844198ce91017561719) Importer(815301076,1909f56bfc062723c751e8b465ee728b)
Start importing Assets/8.Audio/BGM/08 - Sam Houghton and Joe Collinson - Into Asgard.mp3 using Guid(98c67815629df844198ce91017561719) Importer(815301076,1909f56bfc062723c751e8b465ee728b)  -> (artifact id: '248ba23082fbd596b1a17625b1f7c104') in 0.562294 seconds 
========================================================================
Received Import Request.
  Time since last request: 36.535281 seconds.
  path: Assets/8.Audio/BGM/08 - Sam Houghton and Joe Collinson - Into Asgard.mp3
  artifactKey: Guid(98c67815629df844198ce91017561719) Importer(815301076,1909f56bfc062723c751e8b465ee728b)
Start importing Assets/8.Audio/BGM/08 - Sam Houghton and Joe Collinson - Into Asgard.mp3 using Guid(98c67815629df844198ce91017561719) Importer(815301076,1909f56bfc062723c751e8b465ee728b)  -> (artifact id: 'cd321561b1bf1eaec7d7b7cd8730fd90') in 0.322219 seconds 
========================================================================
Received Import Request.
  Time since last request: 31.807416 seconds.
  path: Assets/8.Audio/BGM/01 - Sam Houghton and Joe Collinson - Judgement.mp3
  artifactKey: Guid(cee8b37c5f1eea8438b43ea0b4637e97) Importer(815301076,1909f56bfc062723c751e8b465ee728b)
Start importing Assets/8.Audio/BGM/01 - Sam Houghton and Joe Collinson - Judgement.mp3 using Guid(cee8b37c5f1eea8438b43ea0b4637e97) Importer(815301076,1909f56bfc062723c751e8b465ee728b)  -> (artifact id: '3bd2e5594e4c068d8a802f62b14bb90a') in 0.478119 seconds 
========================================================================
Received Import Request.
  Time since last request: 18.564182 seconds.
  path: Assets/8.Audio/BGM/separation-185196.mp3
  artifactKey: Guid(5b729745f68f74d4c8a684307b272963) Importer(815301076,1909f56bfc062723c751e8b465ee728b)
Start importing Assets/8.Audio/BGM/separation-185196.mp3 using Guid(5b729745f68f74d4c8a684307b272963) Importer(815301076,1909f56bfc062723c751e8b465ee728b)  -> (artifact id: '091e693f2c651cacca9dd0452ad72ad3') in 0.568917 seconds 
========================================================================
Received Import Request.
  Time since last request: 11.031775 seconds.
  path: Assets/8.Audio/SE/Angelbless.mp3
  artifactKey: Guid(185b6fed44c5bf841b22f774fb779a76) Importer(815301076,1909f56bfc062723c751e8b465ee728b)
Start importing Assets/8.Audio/SE/Angelbless.mp3 using Guid(185b6fed44c5bf841b22f774fb779a76) Importer(815301076,1909f56bfc062723c751e8b465ee728b)  -> (artifact id: '1dac1b80fcb0a349ab953865a2480e03') in 0.050496 seconds 
========================================================================
Received Import Request.
  Time since last request: 6.547691 seconds.
  path: Assets/8.Audio/SE/beep.mp3
  artifactKey: Guid(ce13b400710ff4e499ffbaf26b6463de) Importer(815301076,1909f56bfc062723c751e8b465ee728b)
Start importing Assets/8.Audio/SE/beep.mp3 using Guid(ce13b400710ff4e499ffbaf26b6463de) Importer(815301076,1909f56bfc062723c751e8b465ee728b)  -> (artifact id: 'b3dec37ee98e1bfc1bd5aeed96bb0f61') in 0.374187 seconds 
========================================================================
Received Import Request.
  Time since last request: 0.053394 seconds.
  path: Assets/8.Audio/SE/BossDead.mp3
  artifactKey: Guid(8d1188d2d2afdee49bd81055ec6a4162) Importer(815301076,1909f56bfc062723c751e8b465ee728b)
Start importing Assets/8.Audio/SE/BossDead.mp3 using Guid(8d1188d2d2afdee49bd81055ec6a4162) Importer(815301076,1909f56bfc062723c751e8b465ee728b)  -> (artifact id: '2e3a9034bbf3cd256bc25677361c2da9') in 0.569782 seconds 
========================================================================
Received Import Request.
  Time since last request: 8.645771 seconds.
  path: Assets/8.Audio/SE/BossDead.mp3
  artifactKey: Guid(8d1188d2d2afdee49bd81055ec6a4162) Importer(815301076,1909f56bfc062723c751e8b465ee728b)
Start importing Assets/8.Audio/SE/BossDead.mp3 using Guid(8d1188d2d2afdee49bd81055ec6a4162) Importer(815301076,1909f56bfc062723c751e8b465ee728b)  -> (artifact id: '74801bb67df75b15d0e4998ef9bfb586') in 0.040917 seconds 
========================================================================
Received Import Request.
  Time since last request: 7.376743 seconds.
  path: Assets/8.Audio/SE/Bubbles1.mp3
  artifactKey: Guid(690ffca99e097284c9c84235d2be19fa) Importer(815301076,1909f56bfc062723c751e8b465ee728b)
Start importing Assets/8.Audio/SE/Bubbles1.mp3 using Guid(690ffca99e097284c9c84235d2be19fa) Importer(815301076,1909f56bfc062723c751e8b465ee728b)  -> (artifact id: '87fe223692d9c5cf6eb7c1915fe3b003') in 0.049836 seconds 
========================================================================
Received Import Request.
  Time since last request: 4.511106 seconds.
  path: Assets/8.Audio/SE/Bubbles2.mp3
  artifactKey: Guid(0a6b8ccc288709f4396a328325ac864d) Importer(815301076,1909f56bfc062723c751e8b465ee728b)
Start importing Assets/8.Audio/SE/Bubbles2.mp3 using Guid(0a6b8ccc288709f4396a328325ac864d) Importer(815301076,1909f56bfc062723c751e8b465ee728b)  -> (artifact id: '9d0da61f4c6b7fea6ff7baef15ce6173') in 0.049591 seconds 
========================================================================
Received Import Request.
  Time since last request: 5.798452 seconds.
  path: Assets/8.Audio/SE/Buzzer.mp3
  artifactKey: Guid(0dd79475156d0964b90903292bf8c13c) Importer(815301076,1909f56bfc062723c751e8b465ee728b)
Start importing Assets/8.Audio/SE/Buzzer.mp3 using Guid(0dd79475156d0964b90903292bf8c13c) Importer(815301076,1909f56bfc062723c751e8b465ee728b)  -> (artifact id: '1406bfe884277cc170014a539ac7ad78') in 0.047869 seconds 
========================================================================
Received Import Request.
  Time since last request: 8.134035 seconds.
  path: Assets/8.Audio/SE/collectcoin.mp3
  artifactKey: Guid(53fdf2a278f425140a9be57046f92c8c) Importer(815301076,1909f56bfc062723c751e8b465ee728b)
Start importing Assets/8.Audio/SE/collectcoin.mp3 using Guid(53fdf2a278f425140a9be57046f92c8c) Importer(815301076,1909f56bfc062723c751e8b465ee728b)  -> (artifact id: '350072f12070beefa5c0d60c8005a36d') in 0.048228 seconds 
========================================================================
Received Import Request.
  Time since last request: 6.911779 seconds.
  path: Assets/8.Audio/SE/correct.mp3
  artifactKey: Guid(fc27030308ae96d418e78339b4265b86) Importer(815301076,1909f56bfc062723c751e8b465ee728b)
Start importing Assets/8.Audio/SE/correct.mp3 using Guid(fc27030308ae96d418e78339b4265b86) Importer(815301076,1909f56bfc062723c751e8b465ee728b)  -> (artifact id: '8a9773fc3ccad94ccd42dc66d0d09a03') in 0.051037 seconds 
========================================================================
Received Import Request.
  Time since last request: 8.352780 seconds.
  path: Assets/8.Audio/SE/Donation.mp3
  artifactKey: Guid(4caa035719a41094e8bacccb4ce7dac7) Importer(815301076,1909f56bfc062723c751e8b465ee728b)
Start importing Assets/8.Audio/SE/Donation.mp3 using Guid(4caa035719a41094e8bacccb4ce7dac7) Importer(815301076,1909f56bfc062723c751e8b465ee728b)  -> (artifact id: 'd64e97d0d9dbd237f8cf632be43ac987') in 0.050823 seconds 
========================================================================
Received Import Request.
  Time since last request: 8.062406 seconds.
  path: Assets/8.Audio/SE/empty_gun_shot.mp3
  artifactKey: Guid(91bd7fd6fc8fff146832621d2acf6dae) Importer(815301076,1909f56bfc062723c751e8b465ee728b)
Start importing Assets/8.Audio/SE/empty_gun_shot.mp3 using Guid(91bd7fd6fc8fff146832621d2acf6dae) Importer(815301076,1909f56bfc062723c751e8b465ee728b)  -> (artifact id: '23b72f7acaf5dc0f0b04c2ba6d120dec') in 0.546218 seconds 
========================================================================
Received Import Request.
  Time since last request: 0.025291 seconds.
  path: Assets/8.Audio/SE/Firebomb.mp3
  artifactKey: Guid(837ba95569a5e544e8b17eae0336f48a) Importer(815301076,1909f56bfc062723c751e8b465ee728b)
Start importing Assets/8.Audio/SE/Firebomb.mp3 using Guid(837ba95569a5e544e8b17eae0336f48a) Importer(815301076,1909f56bfc062723c751e8b465ee728b)  -> (artifact id: 'b16bac6572a2b3e3808b3ae405a637e2') in 0.873779 seconds 
========================================================================
Received Import Request.
  Time since last request: 5.300920 seconds.
  path: Assets/8.Audio/SE/Firebomb.mp3
  artifactKey: Guid(837ba95569a5e544e8b17eae0336f48a) Importer(815301076,1909f56bfc062723c751e8b465ee728b)
Start importing Assets/8.Audio/SE/Firebomb.mp3 using Guid(837ba95569a5e544e8b17eae0336f48a) Importer(815301076,1909f56bfc062723c751e8b465ee728b)  -> (artifact id: 'cd079f78ffe6862f45a7f93307fc0bc8') in 0.037769 seconds 
========================================================================
Received Import Request.
  Time since last request: 0.525483 seconds.
  path: Assets/8.Audio/SE/Fly.mp3
  artifactKey: Guid(c3aba38314b0c57438df6ff81b19cd3c) Importer(815301076,1909f56bfc062723c751e8b465ee728b)
Start importing Assets/8.Audio/SE/Fly.mp3 using Guid(c3aba38314b0c57438df6ff81b19cd3c) Importer(815301076,1909f56bfc062723c751e8b465ee728b)  -> (artifact id: '701175fec6eb85b64c7916ddb5398616') in 0.057305 seconds 
========================================================================
Received Import Request.
  Time since last request: 9.171397 seconds.
  path: Assets/8.Audio/SE/Fly.mp3
  artifactKey: Guid(c3aba38314b0c57438df6ff81b19cd3c) Importer(815301076,1909f56bfc062723c751e8b465ee728b)
Start importing Assets/8.Audio/SE/Fly.mp3 using Guid(c3aba38314b0c57438df6ff81b19cd3c) Importer(815301076,1909f56bfc062723c751e8b465ee728b)  -> (artifact id: '6680e262a09e7ec3a59e54000d46b940') in 0.037536 seconds 
========================================================================
Received Import Request.
  Time since last request: 6.459708 seconds.
  path: Assets/8.Audio/SE/game_start.mp3
  artifactKey: Guid(aa4b32edf56fd384088a262e6e00458c) Importer(815301076,1909f56bfc062723c751e8b465ee728b)
Start importing Assets/8.Audio/SE/game_start.mp3 using Guid(aa4b32edf56fd384088a262e6e00458c) Importer(815301076,1909f56bfc062723c751e8b465ee728b)  -> (artifact id: '04252eab6c182f632d3dd35aed504368') in 0.044977 seconds 
========================================================================
Received Import Request.
  Time since last request: 4.657363 seconds.
  path: Assets/8.Audio/SE/gloomy-aura-153274.mp3
  artifactKey: Guid(d4603182c60e9af49985a7643c5150b6) Importer(815301076,1909f56bfc062723c751e8b465ee728b)
Start importing Assets/8.Audio/SE/gloomy-aura-153274.mp3 using Guid(d4603182c60e9af49985a7643c5150b6) Importer(815301076,1909f56bfc062723c751e8b465ee728b)  -> (artifact id: 'd56a5030097178840e50641f42aec550') in 0.216193 seconds 
========================================================================
Received Import Request.
  Time since last request: 7.776544 seconds.
  path: Assets/8.Audio/SE/gloomy-aura-153274.mp3
  artifactKey: Guid(d4603182c60e9af49985a7643c5150b6) Importer(815301076,1909f56bfc062723c751e8b465ee728b)
Start importing Assets/8.Audio/SE/gloomy-aura-153274.mp3 using Guid(d4603182c60e9af49985a7643c5150b6) Importer(815301076,1909f56bfc062723c751e8b465ee728b)  -> (artifact id: 'c7c9c05ae667df9f21c47e08efaf9d8c') in 0.066692 seconds 
========================================================================
Received Import Request.
  Time since last request: 6.746513 seconds.
  path: Assets/8.Audio/SE/Hurt.mp3
  artifactKey: Guid(3d4fe2249747db443a02436b1e08df47) Importer(815301076,1909f56bfc062723c751e8b465ee728b)
Start importing Assets/8.Audio/SE/Hurt.mp3 using Guid(3d4fe2249747db443a02436b1e08df47) Importer(815301076,1909f56bfc062723c751e8b465ee728b)  -> (artifact id: '2d5b9b913914ec376663d9fcdf89a78a') in 0.086689 seconds 
========================================================================
Received Import Request.
  Time since last request: 15.777761 seconds.
  path: Assets/8.Audio/SE/Land.mp3
  artifactKey: Guid(86bc9c0d99449cb4e910676670620f53) Importer(815301076,1909f56bfc062723c751e8b465ee728b)
Start importing Assets/8.Audio/SE/Land.mp3 using Guid(86bc9c0d99449cb4e910676670620f53) Importer(815301076,1909f56bfc062723c751e8b465ee728b)  -> (artifact id: '36a270ff6768c83867c43b54bba11793') in 0.107254 seconds 
========================================================================
Received Import Request.
  Time since last request: 6.630524 seconds.
  path: Assets/8.Audio/SE/lockdoor.mp3
  artifactKey: Guid(23eeaaa9140b8ec419918556f6f7ec18) Importer(815301076,1909f56bfc062723c751e8b465ee728b)
Start importing Assets/8.Audio/SE/lockdoor.mp3 using Guid(23eeaaa9140b8ec419918556f6f7ec18) Importer(815301076,1909f56bfc062723c751e8b465ee728b)  -> (artifact id: 'fd8bdc52ed729a9f8694ecfda57ba27e') in 0.074893 seconds 
========================================================================
Received Import Request.
  Time since last request: 9.919940 seconds.
  path: Assets/8.Audio/SE/punch1.mp3
  artifactKey: Guid(7ef37a3d3073cb342a3e5b3f7c604382) Importer(815301076,1909f56bfc062723c751e8b465ee728b)
Start importing Assets/8.Audio/SE/punch1.mp3 using Guid(7ef37a3d3073cb342a3e5b3f7c604382) Importer(815301076,1909f56bfc062723c751e8b465ee728b)  -> (artifact id: '2b9e4a87155ac9154cd80dadb62cd670') in 0.048247 seconds 
========================================================================
Received Import Request.
  Time since last request: 5.908378 seconds.
  path: Assets/8.Audio/SE/punch2.mp3
  artifactKey: Guid(1748d814fd8bceb4ea4b444f8e788645) Importer(815301076,1909f56bfc062723c751e8b465ee728b)
Start importing Assets/8.Audio/SE/punch2.mp3 using Guid(1748d814fd8bceb4ea4b444f8e788645) Importer(815301076,1909f56bfc062723c751e8b465ee728b)  -> (artifact id: '19aad1c612241e5d3174c767738542a5') in 0.566981 seconds 
========================================================================
Received Import Request.
  Time since last request: 5.143882 seconds.
  path: Assets/8.Audio/SE/Reload.mp3
  artifactKey: Guid(cb231a660925a0e4ab8ac76f124c7d61) Importer(815301076,1909f56bfc062723c751e8b465ee728b)
Start importing Assets/8.Audio/SE/Reload.mp3 using Guid(cb231a660925a0e4ab8ac76f124c7d61) Importer(815301076,1909f56bfc062723c751e8b465ee728b)  -> (artifact id: 'ee37ba1ed6985d582ee4195050020a0d') in 0.048156 seconds 
========================================================================
Received Import Request.
  Time since last request: 6.127716 seconds.
  path: Assets/8.Audio/SE/request.mp3
  artifactKey: Guid(d4eed96daecf9dc458586d8476a28a53) Importer(815301076,1909f56bfc062723c751e8b465ee728b)
Start importing Assets/8.Audio/SE/request.mp3 using Guid(d4eed96daecf9dc458586d8476a28a53) Importer(815301076,1909f56bfc062723c751e8b465ee728b)  -> (artifact id: 'bc9bb84dc5656774a2eb9b9d5f6a54fe') in 0.046741 seconds 
========================================================================
Received Import Request.
  Time since last request: 5.234002 seconds.
  path: Assets/8.Audio/SE/scifi-anime-whoosh-19-183890.mp3
  artifactKey: Guid(74fb6a5e4f45cde43969b661c2ebbc24) Importer(815301076,1909f56bfc062723c751e8b465ee728b)
Start importing Assets/8.Audio/SE/scifi-anime-whoosh-19-183890.mp3 using Guid(74fb6a5e4f45cde43969b661c2ebbc24) Importer(815301076,1909f56bfc062723c751e8b465ee728b)  -> (artifact id: 'a80773e30baefeff50244bf3fa6e2441') in 0.335806 seconds 
========================================================================
Received Import Request.
  Time since last request: 7.795271 seconds.
  path: Assets/8.Audio/SE/Shot.mp3
  artifactKey: Guid(7eeab9cd755ec114e8a9388c8038111a) Importer(815301076,1909f56bfc062723c751e8b465ee728b)
Start importing Assets/8.Audio/SE/Shot.mp3 using Guid(7eeab9cd755ec114e8a9388c8038111a) Importer(815301076,1909f56bfc062723c751e8b465ee728b)  -> (artifact id: '6af2c96ed6f9978e6d9539037b319f2a') in 0.047713 seconds 
========================================================================
Received Import Request.
  Time since last request: 0.450572 seconds.
  path: Assets/8.Audio/SE/Slime.mp3
  artifactKey: Guid(3a31d439d8f80294fbb22e572c16da55) Importer(815301076,1909f56bfc062723c751e8b465ee728b)
Start importing Assets/8.Audio/SE/Slime.mp3 using Guid(3a31d439d8f80294fbb22e572c16da55) Importer(815301076,1909f56bfc062723c751e8b465ee728b)  -> (artifact id: '691054340c65b1a5df0472f84c68d967') in 0.042440 seconds 
========================================================================
Received Import Request.
  Time since last request: 5.462978 seconds.
  path: Assets/8.Audio/SE/Slime.mp3
  artifactKey: Guid(3a31d439d8f80294fbb22e572c16da55) Importer(815301076,1909f56bfc062723c751e8b465ee728b)
Start importing Assets/8.Audio/SE/Slime.mp3 using Guid(3a31d439d8f80294fbb22e572c16da55) Importer(815301076,1909f56bfc062723c751e8b465ee728b)  -> (artifact id: 'd9e040c0d63391806d16212453f42809') in 0.035229 seconds 
========================================================================
Received Import Request.
  Time since last request: 10.109511 seconds.
  path: Assets/8.Audio/SE/Spider.mp3
  artifactKey: Guid(0208429eb15668448a23515618e73419) Importer(815301076,1909f56bfc062723c751e8b465ee728b)
Start importing Assets/8.Audio/SE/Spider.mp3 using Guid(0208429eb15668448a23515618e73419) Importer(815301076,1909f56bfc062723c751e8b465ee728b)  -> (artifact id: '3ff3b7f1bf8ed240a31d55bf0ac0e0be') in 0.613556 seconds 
========================================================================
Received Import Request.
  Time since last request: 0.011069 seconds.
  path: Assets/8.Audio/SE/whoosh-6316.mp3
  artifactKey: Guid(4f8e5b43f6f898a449143576e8110b36) Importer(815301076,1909f56bfc062723c751e8b465ee728b)
Start importing Assets/8.Audio/SE/whoosh-6316.mp3 using Guid(4f8e5b43f6f898a449143576e8110b36) Importer(815301076,1909f56bfc062723c751e8b465ee728b)  -> (artifact id: '88d5d2cb8dd7d3e994b1982e47576488') in 0.716576 seconds 
========================================================================
Received Import Request.
  Time since last request: 9.492489 seconds.
  path: Assets/8.Audio/SE/whoosh-6316.mp3
  artifactKey: Guid(4f8e5b43f6f898a449143576e8110b36) Importer(815301076,1909f56bfc062723c751e8b465ee728b)
Start importing Assets/8.Audio/SE/whoosh-6316.mp3 using Guid(4f8e5b43f6f898a449143576e8110b36) Importer(815301076,1909f56bfc062723c751e8b465ee728b)  -> (artifact id: '15125a0a78ca1205078033045caadf92') in 0.041391 seconds 
========================================================================
Received Import Request.
  Time since last request: 17.653840 seconds.
  path: Assets/9. Polygons/Effect/8K Skybox Pack Free/Example Scenes/Script
  artifactKey: Guid(3ff0571b95c9964438292ff4684e027a) Importer(815301076,1909f56bfc062723c751e8b465ee728b)
Start importing Assets/9. Polygons/Effect/8K Skybox Pack Free/Example Scenes/Script using Guid(3ff0571b95c9964438292ff4684e027a) Importer(815301076,1909f56bfc062723c751e8b465ee728b)  -> (artifact id: '31b6bce3bbc44a7586f19bde175b2175') in 0.353372 seconds 
========================================================================
Received Import Request.
  Time since last request: 43.488480 seconds.
  path: Assets/9. Polygons/Effect/8K Skybox Pack Free/Skyboxes/Texture/sky-3.png
  artifactKey: Guid(7f5779140d6e64f44a7940b41f49ba81) Importer(815301076,1909f56bfc062723c751e8b465ee728b)
Start importing Assets/9. Polygons/Effect/8K Skybox Pack Free/Skyboxes/Texture/sky-3.png using Guid(7f5779140d6e64f44a7940b41f49ba81) Importer(815301076,1909f56bfc062723c751e8b465ee728b)  -> (artifact id: 'eb2576ce1a6dc2874371ae59aba2a43f') in 1.999732 seconds 
========================================================================
Received Import Request.
  Time since last request: 0.000226 seconds.
  path: Assets/9. Polygons/Effect/8K Skybox Pack Free/Skyboxes/Texture/sky-9.png
  artifactKey: Guid(f15e9ebb1ca5a424c916746d3be478bb) Importer(815301076,1909f56bfc062723c751e8b465ee728b)
Start importing Assets/9. Polygons/Effect/8K Skybox Pack Free/Skyboxes/Texture/sky-9.png using Guid(f15e9ebb1ca5a424c916746d3be478bb) Importer(815301076,1909f56bfc062723c751e8b465ee728b)  -> (artifact id: 'f3678b6b4d39c65e209d7fb811b19290') in 0.498013 seconds 
========================================================================
Received Import Request.
  Time since last request: 1.641090 seconds.
  path: Assets/9. Polygons/Effect/8K Skybox Pack Free/Skyboxes/Texture/Materials
  artifactKey: Guid(69eddfdb8b5d4dc45b2138c14bcfacb8) Importer(815301076,1909f56bfc062723c751e8b465ee728b)
Start importing Assets/9. Polygons/Effect/8K Skybox Pack Free/Skyboxes/Texture/Materials using Guid(69eddfdb8b5d4dc45b2138c14bcfacb8) Importer(815301076,1909f56bfc062723c751e8b465ee728b)  -> (artifact id: 'a6ea5cac89204b67b2f3f4d6ed00faf3') in 0.016017 seconds 
========================================================================
Received Import Request.
  Time since last request: 4.776156 seconds.
  path: Assets/9. Polygons/Effect/8K Skybox Pack Free/Skyboxes/Texture/sky-4.png
  artifactKey: Guid(65844975f3a977b419b0d5fdff86f07a) Importer(815301076,1909f56bfc062723c751e8b465ee728b)
Start importing Assets/9. Polygons/Effect/8K Skybox Pack Free/Skyboxes/Texture/sky-4.png using Guid(65844975f3a977b419b0d5fdff86f07a) Importer(815301076,1909f56bfc062723c751e8b465ee728b)  -> (artifact id: '685ab17b26197dd79e5ef993ec5ae7b2') in 2.205044 seconds 
========================================================================
Received Import Request.
  Time since last request: 0.078649 seconds.
  path: Assets/9. Polygons/Effect/8K Skybox Pack Free/Skyboxes/Texture/sky-6.png
  artifactKey: Guid(22f0efbf93ea81b49bce3ac5f1488041) Importer(815301076,1909f56bfc062723c751e8b465ee728b)
Start importing Assets/9. Polygons/Effect/8K Skybox Pack Free/Skyboxes/Texture/sky-6.png using Guid(22f0efbf93ea81b49bce3ac5f1488041) Importer(815301076,1909f56bfc062723c751e8b465ee728b)  -> (artifact id: '4b5a6422893a71daef44fb97cf362555') in 0.942946 seconds 
========================================================================
Received Import Request.
  Time since last request: 7.125117 seconds.
  path: Assets/9. Polygons/Effect/8K Skybox Pack Free/Skyboxes/Texture/sky-5.png
  artifactKey: Guid(100fa8e1632686d4197cf0ade5e18678) Importer(815301076,1909f56bfc062723c751e8b465ee728b)
Start importing Assets/9. Polygons/Effect/8K Skybox Pack Free/Skyboxes/Texture/sky-5.png using Guid(100fa8e1632686d4197cf0ade5e18678) Importer(815301076,1909f56bfc062723c751e8b465ee728b)  -> (artifact id: 'b09b43fe62e1001aa8f7b16624472ffb') in 1.208180 seconds 
========================================================================
Received Import Request.
  Time since last request: 46.407970 seconds.
  path: Assets/9. Polygons/Effect/8K Skybox Pack Free/Example Scenes/sky-2.unity
  artifactKey: Guid(3fa6925b47b05f34e9d6bdf9de1e80e3) Importer(815301076,1909f56bfc062723c751e8b465ee728b)
Start importing Assets/9. Polygons/Effect/8K Skybox Pack Free/Example Scenes/sky-2.unity using Guid(3fa6925b47b05f34e9d6bdf9de1e80e3) Importer(815301076,1909f56bfc062723c751e8b465ee728b)  -> (artifact id: '6ecf4bf6786a4fde545bd32b1c8b8594') in 0.120663 seconds 
========================================================================
Received Import Request.
  Time since last request: 7.441857 seconds.
  path: Assets/9. Polygons/Effect/8K Skybox Pack Free/Example Scenes/sky-2Settings.lighting
  artifactKey: Guid(a254024ab61081d4aae18db9cbec0653) Importer(815301076,1909f56bfc062723c751e8b465ee728b)
Start importing Assets/9. Polygons/Effect/8K Skybox Pack Free/Example Scenes/sky-2Settings.lighting using Guid(a254024ab61081d4aae18db9cbec0653) Importer(815301076,1909f56bfc062723c751e8b465ee728b) LightingSettings: switching bake backend from 1 to 0.
 -> (artifact id: '7f436365ec8f8ae9f4bc46d41a22b814') in 0.170236 seconds 
========================================================================
Received Import Request.
  Time since last request: 1.530535 seconds.
  path: Assets/9. Polygons/Effect/8K Skybox Pack Free/Example Scenes/sky-4Settings.lighting
  artifactKey: Guid(757c331f3fbbe6143941f20a477da0c8) Importer(815301076,1909f56bfc062723c751e8b465ee728b)
Start importing Assets/9. Polygons/Effect/8K Skybox Pack Free/Example Scenes/sky-4Settings.lighting using Guid(757c331f3fbbe6143941f20a477da0c8) Importer(815301076,1909f56bfc062723c751e8b465ee728b) LightingSettings: switching bake backend from 1 to 0.
 -> (artifact id: 'd6b7c83ceb42bed91558c4edd547f952') in 0.142026 seconds 
========================================================================
Received Import Request.
  Time since last request: 0.198978 seconds.
  path: Assets/9. Polygons/Effect/8K Skybox Pack Free/Example Scenes/sky-3Settings.lighting
  artifactKey: Guid(e434ccc839718ee43a77f2a89af0029d) Importer(815301076,1909f56bfc062723c751e8b465ee728b)
Start importing Assets/9. Polygons/Effect/8K Skybox Pack Free/Example Scenes/sky-3Settings.lighting using Guid(e434ccc839718ee43a77f2a89af0029d) Importer(815301076,1909f56bfc062723c751e8b465ee728b) LightingSettings: switching bake backend from 1 to 0.
 -> (artifact id: '8ebe02fa5bf573d24cfc8264ee51fa04') in 0.174711 seconds 
========================================================================
Received Import Request.
  Time since last request: 0.807961 seconds.
  path: Assets/9. Polygons/Effect/8K Skybox Pack Free/Example Scenes/sky-1Settings.lighting
  artifactKey: Guid(66e9f6961c50759458784108b5f94aa1) Importer(815301076,1909f56bfc062723c751e8b465ee728b)
Start importing Assets/9. Polygons/Effect/8K Skybox Pack Free/Example Scenes/sky-1Settings.lighting using Guid(66e9f6961c50759458784108b5f94aa1) Importer(815301076,1909f56bfc062723c751e8b465ee728b) LightingSettings: switching bake backend from 1 to 0.
 -> (artifact id: '3c7ac591b0c4319dced1382de1a46d74') in 0.185360 seconds 
========================================================================
Received Import Request.
  Time since last request: 20.452759 seconds.
  path: Assets/9. Polygons/Effect/Hovl Studio/Magic effects pack/Demo scene/Magic effects demo.unity
  artifactKey: Guid(3eebb27d911d4bd419f5425e850ee039) Importer(815301076,1909f56bfc062723c751e8b465ee728b)
Start importing Assets/9. Polygons/Effect/Hovl Studio/Magic effects pack/Demo scene/Magic effects demo.unity using Guid(3eebb27d911d4bd419f5425e850ee039) Importer(815301076,1909f56bfc062723c751e8b465ee728b)  -> (artifact id: '157f054847f801b1fa2a782f87f0fcfc') in 0.181715 seconds 
========================================================================
Received Import Request.
  Time since last request: 4.502437 seconds.
  path: Assets/9. Polygons/Effect/Hovl Studio/Magic effects pack/Demo scene/ReflectionProbe-0.exr
  artifactKey: Guid(b437cf6f67f5f1c4e9f1876cbbb8aceb) Importer(815301076,1909f56bfc062723c751e8b465ee728b)
Start importing Assets/9. Polygons/Effect/Hovl Studio/Magic effects pack/Demo scene/ReflectionProbe-0.exr using Guid(b437cf6f67f5f1c4e9f1876cbbb8aceb) Importer(815301076,1909f56bfc062723c751e8b465ee728b)  -> (artifact id: '7c076593e23bc3e09a6bee677850dd9f') in 0.115175 seconds 
========================================================================
Received Import Request.
  Time since last request: 0.510552 seconds.
  path: Assets/9. Polygons/Effect/Hovl Studio/Magic effects pack/Demo scene/ReflectionProbe-1.exr
  artifactKey: Guid(6cd5e7294f0f7be4aa89e131da9505b4) Importer(815301076,1909f56bfc062723c751e8b465ee728b)
Start importing Assets/9. Polygons/Effect/Hovl Studio/Magic effects pack/Demo scene/ReflectionProbe-1.exr using Guid(6cd5e7294f0f7be4aa89e131da9505b4) Importer(815301076,1909f56bfc062723c751e8b465ee728b)  -> (artifact id: '2df6de3560d72dd84ed200a83368e4be') in 0.048255 seconds 
========================================================================
Received Import Request.
  Time since last request: 2.415487 seconds.
  path: Assets/9. Polygons/Effect/Hovl Studio/Magic effects pack/Demo scene/LightingData.asset
  artifactKey: Guid(faa4b86ef3c40464a90105bd7feb5ad9) Importer(815301076,1909f56bfc062723c751e8b465ee728b)
Start importing Assets/9. Polygons/Effect/Hovl Studio/Magic effects pack/Demo scene/LightingData.asset using Guid(faa4b86ef3c40464a90105bd7feb5ad9) Importer(815301076,1909f56bfc062723c751e8b465ee728b) Lighting data asset LightingData is incompatible with the current Unity version because the scene it was baked for was not serialized. Please use Generate Lighting to rebuild the lighting data, or assign the target scene to the Lighting Data Asset in the inspector.
 -> (artifact id: 'a7b5ec4e155996fe5047c64e815270ed') in 0.161775 seconds 
========================================================================
Received Import Request.
  Time since last request: 0.190790 seconds.
  path: Assets/9. Polygons/Effect/Hovl Studio/Magic effects pack/Demo scene/Lightmap-0_comp_dir.png
  artifactKey: Guid(4a3abcea8684f464a9b302dd7a047387) Importer(815301076,1909f56bfc062723c751e8b465ee728b)
Start importing Assets/9. Polygons/Effect/Hovl Studio/Magic effects pack/Demo scene/Lightmap-0_comp_dir.png using Guid(4a3abcea8684f464a9b302dd7a047387) Importer(815301076,1909f56bfc062723c751e8b465ee728b)  -> (artifact id: '4d5b2742bb0b2e1338c21ecdf0b94b56') in 0.254653 seconds 
========================================================================
Received Import Request.
  Time since last request: 3.556404 seconds.
  path: Assets/9. Polygons/Effect/Hovl Studio/Magic effects pack/Demo scene/Lightmap-0_comp_light.exr
  artifactKey: Guid(9960b70afbb00c1468c54c31462b736a) Importer(815301076,1909f56bfc062723c751e8b465ee728b)
Start importing Assets/9. Polygons/Effect/Hovl Studio/Magic effects pack/Demo scene/Lightmap-0_comp_light.exr using Guid(9960b70afbb00c1468c54c31462b736a) Importer(815301076,1909f56bfc062723c751e8b465ee728b)  -> (artifact id: '15ca0f9138d44aecfeef18dcb639aa66') in 0.525869 seconds 
========================================================================
Received Import Request.
  Time since last request: 43.533599 seconds.
  path: Assets/9. Polygons/Effect/Hovl Studio/Magic effects pack/Materials/VFXatlas.psd
  artifactKey: Guid(670f1c056a06d7049b90d1fd1e480427) Importer(815301076,1909f56bfc062723c751e8b465ee728b)
Start importing Assets/9. Polygons/Effect/Hovl Studio/Magic effects pack/Materials/VFXatlas.psd using Guid(670f1c056a06d7049b90d1fd1e480427) Importer(815301076,1909f56bfc062723c751e8b465ee728b)  -> (artifact id: '064e3ac51671f30ed9033136ff134f1f') in 0.452116 seconds 
========================================================================
Received Import Request.
  Time since last request: 20.136549 seconds.
  path: Assets/9. Polygons/Effect/Hovl Studio/Magic effects pack/Materials/VFXatlas.psd
  artifactKey: Guid(670f1c056a06d7049b90d1fd1e480427) Importer(815301076,1909f56bfc062723c751e8b465ee728b)
Start importing Assets/9. Polygons/Effect/Hovl Studio/Magic effects pack/Materials/VFXatlas.psd using Guid(670f1c056a06d7049b90d1fd1e480427) Importer(815301076,1909f56bfc062723c751e8b465ee728b)  -> (artifact id: 'a1985c1acd56af514baa9bcb1478d2d7') in 0.457219 seconds 
========================================================================
Received Import Request.
  Time since last request: 3.327751 seconds.
  path: Assets/9. Polygons/Effect/Hovl Studio/Magic effects pack/Demo scene/Readme.txt
  artifactKey: Guid(2f20ef09debf8784c9226434f4bc541d) Importer(815301076,1909f56bfc062723c751e8b465ee728b)
Start importing Assets/9. Polygons/Effect/Hovl Studio/Magic effects pack/Demo scene/Readme.txt using Guid(2f20ef09debf8784c9226434f4bc541d) Importer(815301076,1909f56bfc062723c751e8b465ee728b)  -> (artifact id: '913a7c3251459d4c7ac94a88f4a4c28f') in 0.412675 seconds 
========================================================================
Received Import Request.
  Time since last request: 6.789231 seconds.
  path: Assets/9. Polygons/Effect/Hovl Studio/Magic effects pack/Models/Cylinder.fbx
  artifactKey: Guid(4a8c064de5d1b4045a9e9d4ebd5d6575) Importer(815301076,1909f56bfc062723c751e8b465ee728b)
Start importing Assets/9. Polygons/Effect/Hovl Studio/Magic effects pack/Models/Cylinder.fbx using Guid(4a8c064de5d1b4045a9e9d4ebd5d6575) Importer(815301076,1909f56bfc062723c751e8b465ee728b)  -> (artifact id: '939a819ac0be51b96c990232c0457a94') in 0.961198 seconds 
========================================================================
Received Import Request.
  Time since last request: 24.637226 seconds.
  path: Assets/9. Polygons/Effect/Hovl Studio/Magic effects pack/Prefabs/Character auras/Love aura.prefab
  artifactKey: Guid(43d1d06cf70fcb2488255051aaae40a5) Importer(815301076,1909f56bfc062723c751e8b465ee728b)
Start importing Assets/9. Polygons/Effect/Hovl Studio/Magic effects pack/Prefabs/Character auras/Love aura.prefab using Guid(43d1d06cf70fcb2488255051aaae40a5) Importer(815301076,1909f56bfc062723c751e8b465ee728b)  -> (artifact id: 'b7a3965b8ea05c1fd2301823cc9c07c2') in 0.827740 seconds 
========================================================================
Received Import Request.
  Time since last request: 0.000183 seconds.
  path: Assets/9. Polygons/Effect/Hovl Studio/Magic effects pack/Prefabs/Character auras/Star aura.prefab
  artifactKey: Guid(354b6251e950209409c75ab984acf000) Importer(815301076,1909f56bfc062723c751e8b465ee728b)
Start importing Assets/9. Polygons/Effect/Hovl Studio/Magic effects pack/Prefabs/Character auras/Star aura.prefab using Guid(354b6251e950209409c75ab984acf000) Importer(815301076,1909f56bfc062723c751e8b465ee728b)  -> (artifact id: '965c75890e4d2ca4cadc5ccfd7a6f372') in 0.049845 seconds 
========================================================================
Received Prepare
Registering precompiled user dll's ...
Registered in 0.005370 seconds.
Begin MonoManager ReloadAssembly
Native extension for WindowsStandalone target not found
Refreshing native plugins compatible for Editor in 1.01 ms, found 3 plugins.
Preloading 0 native plugins for Editor in 0.00 ms.
Mono: successfully reloaded assembly
- Completed reload, in  0.920 seconds
Domain Reload Profiling:
	ReloadAssembly (920ms)
		BeginReloadAssembly (116ms)
			ExecutionOrderSort (0ms)
			DisableScriptedObjects (7ms)
			BackupInstance (0ms)
			ReleaseScriptingObjects (0ms)
			CreateAndSetChildDomain (41ms)
		EndReloadAssembly (761ms)
			LoadAssemblies (81ms)
			RebuildTransferFunctionScriptingTraits (0ms)
			SetupTypeCache (256ms)
			ReleaseScriptCaches (2ms)
			RebuildScriptCaches (63ms)
			SetupLoadedEditorAssemblies (270ms)
				LogAssemblyErrors (0ms)
				InitializePlatformSupportModulesInManaged (3ms)
				SetLoadedEditorAssemblies (1ms)
				RefreshPlugins (1ms)
				BeforeProcessingInitializeOnLoad (93ms)
				ProcessInitializeOnLoadAttributes (155ms)
				ProcessInitializeOnLoadMethodAttributes (12ms)
				AfterProcessingInitializeOnLoad (4ms)
				EditorAssembliesLoaded (0ms)
			ExecutionOrderSort2 (0ms)
			AwakeInstancesAfterBackupRestoration (9ms)
Platform modules already initialized, skipping
Refreshing native plugins compatible for Editor in 0.98 ms, found 3 plugins.
Preloading 0 native plugins for Editor in 0.00 ms.
Unloading 5050 Unused Serialized files (Serialized files now loaded: 0)
System memory in use before: 292.9 MB.
System memory in use after: 291.1 MB.

Unloading 54 unused Assets to reduce memory usage. Loaded Objects now: 5698.
Total: 4.059700 ms (FindLiveObjects: 0.369500 ms CreateObjectMapping: 0.147300 ms MarkObjects: 2.537800 ms  DeleteObjects: 1.004300 ms)

AssetImportParameters requested are different than current active one (requested -> active):
  custom:framework-win-MediaFoundation: 216162199b28c13a410421893ffa2e32 -> 
  custom:video-decoder-ogg-theora: a1e56fd34408186e4bbccfd4996cb3dc -> 
  custom:container-muxer-webm: aa71ff27fc2769a1b78a27578f13a17b -> 
  custom:container-demuxer-webm: 4f35f7cbe854078d1ac9338744f61a02 -> 
  custom:container-demuxer-ogg: 62fdf1f143b41e24485cea50d1cbac27 -> 
  custom:video-encoder-webm-vp8: eb34c28f22e8b96e1ab97ce403110664 -> 
  custom:video-decoder-webm-vp8: 9c59270c3fd7afecdb556c50c9e8de78 -> 
  custom:audio-decoder-ogg-vorbis: bf7c407c2cedff20999df2af8eb42d56 -> 
  custom:audio-encoder-webm-vorbis: bf7c407c2cedff20999df2af8eb42d56 -> 
========================================================================
Received Import Request.
  Time since last request: 508.263996 seconds.
  path: Assets/Hovl Studio
  artifactKey: Guid(5939edb6029f24a4caf33a71b43ca5c1) Importer(815301076,1909f56bfc062723c751e8b465ee728b)
Start importing Assets/Hovl Studio using Guid(5939edb6029f24a4caf33a71b43ca5c1) Importer(815301076,1909f56bfc062723c751e8b465ee728b)  -> (artifact id: '89bfdcf644f5477e6006b4e4278a67c2') in 0.302513 seconds 
========================================================================
Received Import Request.
  Time since last request: 24.022841 seconds.
  path: Assets/9. Polygons/Effect/Hovl Studio/Magic effects pack/Prefabs/AoE effects/AoE slash blue.prefab
  artifactKey: Guid(035ce8c9cfc34104991ce416daf8aebe) Importer(815301076,1909f56bfc062723c751e8b465ee728b)
Start importing Assets/9. Polygons/Effect/Hovl Studio/Magic effects pack/Prefabs/AoE effects/AoE slash blue.prefab using Guid(035ce8c9cfc34104991ce416daf8aebe) Importer(815301076,1909f56bfc062723c751e8b465ee728b)  -> (artifact id: '109ecfed31493b49c4ff141d6e440612') in 0.553329 seconds 
========================================================================
Received Import Request.
  Time since last request: 0.000178 seconds.
  path: Assets/9. Polygons/Effect/Hovl Studio/Magic effects pack/Materials/Circle2.mat
  artifactKey: Guid(8fce5540653d6d8439e52364661e10c9) Importer(815301076,1909f56bfc062723c751e8b465ee728b)
Start importing Assets/9. Polygons/Effect/Hovl Studio/Magic effects pack/Materials/Circle2.mat using Guid(8fce5540653d6d8439e52364661e10c9) Importer(815301076,1909f56bfc062723c751e8b465ee728b)  -> (artifact id: '5b05882ca751d10d2af3a26709f172e0') in 0.433534 seconds 
========================================================================
Received Import Request.
  Time since last request: 0.000198 seconds.
  path: Assets/9. Polygons/Effect/Hovl Studio/Magic effects pack/Prefabs/AoE effects/AoE slash green.prefab
  artifactKey: Guid(8a43d9f68490c374a93a9e8085555c02) Importer(815301076,1909f56bfc062723c751e8b465ee728b)
Start importing Assets/9. Polygons/Effect/Hovl Studio/Magic effects pack/Prefabs/AoE effects/AoE slash green.prefab using Guid(8a43d9f68490c374a93a9e8085555c02) Importer(815301076,1909f56bfc062723c751e8b465ee728b)  -> (artifact id: '56448fa383a3d8d7a0d9b28a0b0f8335') in 0.502049 seconds 
========================================================================
Received Import Request.
  Time since last request: 0.000234 seconds.
  path: Assets/9. Polygons/Effect/Hovl Studio/Magic effects pack/Materials/Stone.mat
  artifactKey: Guid(5e01cbbef75a454468e5eb490ac64181) Importer(815301076,1909f56bfc062723c751e8b465ee728b)
Start importing Assets/9. Polygons/Effect/Hovl Studio/Magic effects pack/Materials/Stone.mat using Guid(5e01cbbef75a454468e5eb490ac64181) Importer(815301076,1909f56bfc062723c751e8b465ee728b)  -> (artifact id: '2dd3029b4f3933049273090f154fc8ec') in 0.703982 seconds 
========================================================================
Received Import Request.
  Time since last request: 0.000186 seconds.
  path: Assets/9. Polygons/Effect/Hovl Studio/Magic effects pack/Materials/Point.mat
  artifactKey: Guid(e546d2d7171981b468cf29388d902e99) Importer(815301076,1909f56bfc062723c751e8b465ee728b)
Start importing Assets/9. Polygons/Effect/Hovl Studio/Magic effects pack/Materials/Point.mat using Guid(e546d2d7171981b468cf29388d902e99) Importer(815301076,1909f56bfc062723c751e8b465ee728b)  -> (artifact id: '1aad19c24df8570d5bda80f9713dece5') in 0.762754 seconds 
========================================================================
Received Import Request.
  Time since last request: 0.000205 seconds.
  path: Assets/9. Polygons/Effect/Hovl Studio/Magic effects pack/Prefabs/AoE effects/AoE slash orange.prefab
  artifactKey: Guid(1336648bc1d8baf46a4515860950c9d4) Importer(815301076,1909f56bfc062723c751e8b465ee728b)
Start importing Assets/9. Polygons/Effect/Hovl Studio/Magic effects pack/Prefabs/AoE effects/AoE slash orange.prefab using Guid(1336648bc1d8baf46a4515860950c9d4) Importer(815301076,1909f56bfc062723c751e8b465ee728b)  -> (artifact id: '55384f99ab08112f10e11d753c23baf7') in 0.273081 seconds 
========================================================================
Received Import Request.
  Time since last request: 9.922730 seconds.
  path: Assets/9. Polygons/Effect/8K Skybox Pack Free/Skyboxes
  artifactKey: Guid(34d05b5f2938c1243b17c3f8c2e5937d) Importer(815301076,1909f56bfc062723c751e8b465ee728b)
Start importing Assets/9. Polygons/Effect/8K Skybox Pack Free/Skyboxes using Guid(34d05b5f2938c1243b17c3f8c2e5937d) Importer(815301076,1909f56bfc062723c751e8b465ee728b)  -> (artifact id: 'e5d3251895caf1f660e0aa96875b585e') in 0.517844 seconds 
========================================================================
Received Import Request.
  Time since last request: 78.105286 seconds.
  path: Assets/9. Polygons/Effect/Hovl Studio/Magic effects pack/Textures/Circle.png
  artifactKey: Guid(c4cf9c9f7cf52f6409ef75a08a4357ac) Importer(815301076,1909f56bfc062723c751e8b465ee728b)
Start importing Assets/9. Polygons/Effect/Hovl Studio/Magic effects pack/Textures/Circle.png using Guid(c4cf9c9f7cf52f6409ef75a08a4357ac) Importer(815301076,1909f56bfc062723c751e8b465ee728b)  -> (artifact id: '3ffeffc47e369e2199737cce456f472a') in 0.549090 seconds 
========================================================================
Received Import Request.
  Time since last request: 0.006756 seconds.
  path: Assets/9. Polygons/Effect/Hovl Studio/Magic effects pack/Textures/Circle2.png
  artifactKey: Guid(cb15b7c714c56904eb8628c669fd8aa7) Importer(815301076,1909f56bfc062723c751e8b465ee728b)
Start importing Assets/9. Polygons/Effect/Hovl Studio/Magic effects pack/Textures/Circle2.png using Guid(cb15b7c714c56904eb8628c669fd8aa7) Importer(815301076,1909f56bfc062723c751e8b465ee728b)  -> (artifact id: '46ebc2a57b1ee1addab4d3b90d5ed6d5') in 0.044761 seconds 
========================================================================
Received Import Request.
  Time since last request: 0.833583 seconds.
  path: Assets/9. Polygons/Effect/Hovl Studio/Magic effects pack/Textures/Concrete slab.png
  artifactKey: Guid(1b13dc101cf2ac7418019fd776161658) Importer(815301076,1909f56bfc062723c751e8b465ee728b)
Start importing Assets/9. Polygons/Effect/Hovl Studio/Magic effects pack/Textures/Concrete slab.png using Guid(1b13dc101cf2ac7418019fd776161658) Importer(815301076,1909f56bfc062723c751e8b465ee728b)  -> (artifact id: 'd48fc7df5a64c6c21c9bdb93dd0dee58') in 0.048213 seconds 
========================================================================
Received Prepare
Registering precompiled user dll's ...
Registered in 0.005454 seconds.
Begin MonoManager ReloadAssembly
Native extension for WindowsStandalone target not found
Refreshing native plugins compatible for Editor in 1.03 ms, found 3 plugins.
Preloading 0 native plugins for Editor in 0.00 ms.
Mono: successfully reloaded assembly
- Completed reload, in  0.920 seconds
Domain Reload Profiling:
	ReloadAssembly (920ms)
		BeginReloadAssembly (107ms)
			ExecutionOrderSort (0ms)
			DisableScriptedObjects (7ms)
			BackupInstance (0ms)
			ReleaseScriptingObjects (0ms)
			CreateAndSetChildDomain (40ms)
		EndReloadAssembly (770ms)
			LoadAssemblies (82ms)
			RebuildTransferFunctionScriptingTraits (0ms)
			SetupTypeCache (266ms)
			ReleaseScriptCaches (2ms)
			RebuildScriptCaches (63ms)
			SetupLoadedEditorAssemblies (270ms)
				LogAssemblyErrors (0ms)
				InitializePlatformSupportModulesInManaged (3ms)
				SetLoadedEditorAssemblies (0ms)
				RefreshPlugins (1ms)
				BeforeProcessingInitializeOnLoad (92ms)
				ProcessInitializeOnLoadAttributes (156ms)
				ProcessInitializeOnLoadMethodAttributes (12ms)
				AfterProcessingInitializeOnLoad (4ms)
				EditorAssembliesLoaded (0ms)
			ExecutionOrderSort2 (0ms)
			AwakeInstancesAfterBackupRestoration (10ms)
Platform modules already initialized, skipping
Refreshing native plugins compatible for Editor in 1.01 ms, found 3 plugins.
Preloading 0 native plugins for Editor in 0.00 ms.
Unloading 5050 Unused Serialized files (Serialized files now loaded: 0)
System memory in use before: 293.0 MB.
System memory in use after: 291.3 MB.

Unloading 54 unused Assets to reduce memory usage. Loaded Objects now: 5747.
Total: 4.126300 ms (FindLiveObjects: 0.403800 ms CreateObjectMapping: 0.149100 ms MarkObjects: 2.538100 ms  DeleteObjects: 1.034700 ms)

AssetImportParameters requested are different than current active one (requested -> active):
  custom:framework-win-MediaFoundation: 216162199b28c13a410421893ffa2e32 -> 
  custom:video-decoder-ogg-theora: a1e56fd34408186e4bbccfd4996cb3dc -> 
  custom:container-muxer-webm: aa71ff27fc2769a1b78a27578f13a17b -> 
  custom:container-demuxer-webm: 4f35f7cbe854078d1ac9338744f61a02 -> 
  custom:container-demuxer-ogg: 62fdf1f143b41e24485cea50d1cbac27 -> 
  custom:video-encoder-webm-vp8: eb34c28f22e8b96e1ab97ce403110664 -> 
  custom:video-decoder-webm-vp8: 9c59270c3fd7afecdb556c50c9e8de78 -> 
  custom:audio-decoder-ogg-vorbis: bf7c407c2cedff20999df2af8eb42d56 -> 
  custom:audio-encoder-webm-vorbis: bf7c407c2cedff20999df2af8eb42d56 -> 
========================================================================
Received Import Request.
  Time since last request: 10.995432 seconds.
  path: Assets/9. Polygons/Effect/Hovl Studio/Magic effects pack/Textures/Arrow1.png
  artifactKey: Guid(cd95337217b49a143a851ed79a626632) Importer(815301076,1909f56bfc062723c751e8b465ee728b)
Start importing Assets/9. Polygons/Effect/Hovl Studio/Magic effects pack/Textures/Arrow1.png using Guid(cd95337217b49a143a851ed79a626632) Importer(815301076,1909f56bfc062723c751e8b465ee728b)  -> (artifact id: '7cc993bf35419ceb6bca8746ae1951c1') in 0.069424 seconds 
========================================================================
Received Import Request.
  Time since last request: 20.159365 seconds.
  path: Assets/9. Polygons/Effect/Hovl Studio/Magic effects pack/Textures/Concrete slab.png
  artifactKey: Guid(1b13dc101cf2ac7418019fd776161658) Importer(815301076,1909f56bfc062723c751e8b465ee728b)
Start importing Assets/9. Polygons/Effect/Hovl Studio/Magic effects pack/Textures/Concrete slab.png using Guid(1b13dc101cf2ac7418019fd776161658) Importer(815301076,1909f56bfc062723c751e8b465ee728b)  -> (artifact id: '0b804f0857cc3bafd8c15285ebcc7d40') in 0.186311 seconds 
========================================================================
Received Import Request.
  Time since last request: 18.053052 seconds.
  path: Assets/9. Polygons/Effect/Hovl Studio/Magic effects pack/Textures/Concrete slab_Height.png
  artifactKey: Guid(db368c1c85b12fe48aba6cc9bcd41f43) Importer(815301076,1909f56bfc062723c751e8b465ee728b)
Start importing Assets/9. Polygons/Effect/Hovl Studio/Magic effects pack/Textures/Concrete slab_Height.png using Guid(db368c1c85b12fe48aba6cc9bcd41f43) Importer(815301076,1909f56bfc062723c751e8b465ee728b)  -> (artifact id: 'e8a7bded6d6e46bab190984d130b5b6f') in 0.513161 seconds 
========================================================================
Received Import Request.
  Time since last request: 19.580863 seconds.
  path: Assets/9. Polygons/Effect/Hovl Studio/Magic effects pack/Textures/Concrete slab_Height.png
  artifactKey: Guid(db368c1c85b12fe48aba6cc9bcd41f43) Importer(815301076,1909f56bfc062723c751e8b465ee728b)
Start importing Assets/9. Polygons/Effect/Hovl Studio/Magic effects pack/Textures/Concrete slab_Height.png using Guid(db368c1c85b12fe48aba6cc9bcd41f43) Importer(815301076,1909f56bfc062723c751e8b465ee728b)  -> (artifact id: '7831324e9d75f890ebddaaf8f68e2765') in 0.168288 seconds 
========================================================================
Received Import Request.
  Time since last request: 0.707438 seconds.
  path: Assets/9. Polygons/Effect/Hovl Studio/Magic effects pack/Textures/Concrete slab_MetallicSmoothness.png
  artifactKey: Guid(a685c8f461a651a46a2631ea3decafae) Importer(815301076,1909f56bfc062723c751e8b465ee728b)
Start importing Assets/9. Polygons/Effect/Hovl Studio/Magic effects pack/Textures/Concrete slab_MetallicSmoothness.png using Guid(a685c8f461a651a46a2631ea3decafae) Importer(815301076,1909f56bfc062723c751e8b465ee728b)  -> (artifact id: 'bf9e0f2aa9cbce457a63a744e9215e46') in 0.381913 seconds 
========================================================================
Received Import Request.
  Time since last request: 43.610341 seconds.
  path: Assets/9. Polygons/Effect/Hovl Studio/Magic effects pack/Textures/Concrete slab_MetallicSmoothness.png
  artifactKey: Guid(a685c8f461a651a46a2631ea3decafae) Importer(815301076,1909f56bfc062723c751e8b465ee728b)
Start importing Assets/9. Polygons/Effect/Hovl Studio/Magic effects pack/Textures/Concrete slab_MetallicSmoothness.png using Guid(a685c8f461a651a46a2631ea3decafae) Importer(815301076,1909f56bfc062723c751e8b465ee728b)  -> (artifact id: '5e801440f9a453a2ce213adff1b2ffd0') in 0.721283 seconds 
========================================================================
Received Import Request.
  Time since last request: 56.676449 seconds.
  path: Assets/9. Polygons/Effect/Hovl Studio/Magic effects pack/Textures/Concrete slab_Normal.png
  artifactKey: Guid(3a0dde7201a17f646865e8deeac56596) Importer(815301076,1909f56bfc062723c751e8b465ee728b)
Start importing Assets/9. Polygons/Effect/Hovl Studio/Magic effects pack/Textures/Concrete slab_Normal.png using Guid(3a0dde7201a17f646865e8deeac56596) Importer(815301076,1909f56bfc062723c751e8b465ee728b)  -> (artifact id: '96e39add6a8e2b6662ab49bad6bfbb40') in 0.569581 seconds 
========================================================================
Received Import Request.
  Time since last request: 158.977970 seconds.
  path: Assets/9. Polygons/Effect/Hovl Studio/Magic effects pack/Textures/Concrete slab_Normal.png
  artifactKey: Guid(3a0dde7201a17f646865e8deeac56596) Importer(815301076,1909f56bfc062723c751e8b465ee728b)
Start importing Assets/9. Polygons/Effect/Hovl Studio/Magic effects pack/Textures/Concrete slab_Normal.png using Guid(3a0dde7201a17f646865e8deeac56596) Importer(815301076,1909f56bfc062723c751e8b465ee728b)  -> (artifact id: '78268f545ab6bdc82d55e8547b618c18') in 0.063363 seconds 
========================================================================
Received Import Request.
  Time since last request: 7.008385 seconds.
  path: Assets/9. Polygons/Effect/Hovl Studio/Magic effects pack/Textures/Crack.png
  artifactKey: Guid(df140764cd277ab4591e380324386729) Importer(815301076,1909f56bfc062723c751e8b465ee728b)
Start importing Assets/9. Polygons/Effect/Hovl Studio/Magic effects pack/Textures/Crack.png using Guid(df140764cd277ab4591e380324386729) Importer(815301076,1909f56bfc062723c751e8b465ee728b)  -> (artifact id: '800bdca6c0b81bd928b64f29c2227422') in 0.579834 seconds 
========================================================================
Received Import Request.
  Time since last request: 0.102143 seconds.
  path: Assets/9. Polygons/Effect/Hovl Studio/Magic effects pack/Textures/Flash.png
  artifactKey: Guid(497534591604c9c40922a9ea2ef833b2) Importer(815301076,1909f56bfc062723c751e8b465ee728b)
Start importing Assets/9. Polygons/Effect/Hovl Studio/Magic effects pack/Textures/Flash.png using Guid(497534591604c9c40922a9ea2ef833b2) Importer(815301076,1909f56bfc062723c751e8b465ee728b)  -> (artifact id: '7169b2ea0acb0419cd89f614755e3ee3') in 0.565278 seconds 
========================================================================
Received Import Request.
  Time since last request: 0.000274 seconds.
  path: Assets/9. Polygons/Effect/Hovl Studio/Magic effects pack/Textures/Heart.png
  artifactKey: Guid(47a48c9cf6895484983862ae79cb7102) Importer(815301076,1909f56bfc062723c751e8b465ee728b)
Start importing Assets/9. Polygons/Effect/Hovl Studio/Magic effects pack/Textures/Heart.png using Guid(47a48c9cf6895484983862ae79cb7102) Importer(815301076,1909f56bfc062723c751e8b465ee728b)  -> (artifact id: 'f6ae5e1e4fc6a41400ca408fb5ed6060') in 0.720309 seconds 
========================================================================
Received Import Request.
  Time since last request: 0.000172 seconds.
  path: Assets/9. Polygons/Effect/Hovl Studio/Magic effects pack/Textures/Point1.png
  artifactKey: Guid(640e93060c8b460449dc5d4f16193387) Importer(815301076,1909f56bfc062723c751e8b465ee728b)
Start importing Assets/9. Polygons/Effect/Hovl Studio/Magic effects pack/Textures/Point1.png using Guid(640e93060c8b460449dc5d4f16193387) Importer(815301076,1909f56bfc062723c751e8b465ee728b)  -> (artifact id: '7392f4924a190dbc8c0a1f48852813e9') in 0.620189 seconds 
AssetImportWorkerClient::OnTransportError - code=2 error=End of file
